<?xml version="1.0" encoding="UTF-8"?>
<!-- Generated by org.testng.reporters.JUnitReportReporter -->
<testsuite skipped="0" hostname="mayank" name="com.qa.orbit.tests.LoginPageTest" tests="1" failures="0" timestamp="12 Jul 2020 12:35:20 GMT" time="12.439" errors="0">
  <testcase name="doLoginTest" time="12.439" classname="com.qa.orbit.tests.LoginPageTest"/>
</testsuite> <!-- com.qa.orbit.tests.LoginPageTest -->
